<?xml version="1.0" encoding="UTF-8"?>
<testsuite xmlns:xsi="http://www.w3.org/2001/XMLSchema-instance" xsi:noNamespaceSchemaLocation="https://maven.apache.org/surefire/maven-surefire-plugin/xsd/surefire-test-report.xsd" name="wang.ismy.blb.api.cache.CacheServiceTest" time="0.656" tests="5" errors="0" skipped="0" failures="0">
  <properties>
[...]
</properties>
  <testcase name="testGet" classname="wang.ismy.blb.api.cache.CacheServiceTest" time="0.615"/>
  <testcase name="testPut" classname="wang.ismy.blb.api.cache.CacheServiceTest" time="0.023"/>
  <testcase name="testGetLocalCache" classname="wang.ismy.blb.api.cache.CacheServiceTest" time="0.002"/>
  <testcase name="testDelete" classname="wang.ismy.blb.api.cache.CacheServiceTest" time="0.002"/>
  <testcase name="testExists" classname="wang.ismy.blb.api.cache.CacheServiceTest" time="0.002"/>
</testsuite>